# JRE version: Java(TM) SE Runtime Environment (8.0_25-b17) (build 1.8.0_25-b17)
# Java VM: Java HotSpot(TM) 64-Bit Server VM (25.25-b02 mixed mode linux-amd64 compressed oops)
Heap:
 PSYoungGen      total 38400K, used 31880K [0x00000000d5580000, 0x00000000d7e80000, 0x0000000100000000)
  eden space 34816K, 91% used [0x00000000d5580000,0x00000000d74a20b0,0x00000000d7780000)
  from space 3584K, 0% used [0x00000000d7b00000,0x00000000d7b00000,0x00000000d7e80000)
  to   space 3584K, 0% used [0x00000000d7780000,0x00000000d7780000,0x00000000d7b00000)
 ParOldGen       total 1398272K, used 1394491K [0x0000000080000000, 0x00000000d5580000, 0x00000000d5580000)
  object space 1398272K, 99% used [0x0000000080000000,0x00000000d51cefd8,0x00000000d5580000)
 Metaspace       used 27054K, capacity 27296K, committed 27392K, reserved 1073152K
  class space    used 3479K, capacity 3556K, committed 3584K, reserved 1048576K
GC Heap History (10 events):
Event: 1.942 GC heap before
{Heap before GC invocations=5 (full 0):
 PSYoungGen      total 9728K, used 9691K [0x00000000d5580000, 0x00000000d6880000, 0x0000000100000000)
  eden space 8704K, 99% used [0x00000000d5580000,0x00000000d5dfeee0,0x00000000d5e00000)
  from space 1024K, 96% used [0x00000000d5f00000,0x00000000d5ff8020,0x00000000d6000000)
  to   space 1024K, 0% used [0x00000000d5e00000,0x00000000d5e00000,0x00000000d5f00000)
 ParOldGen       total 22016K, used 7557K [0x0000000080000000, 0x0000000081580000, 0x00000000d5580000)
  object space 22016K, 34% used [0x0000000080000000,0x0000000080761770,0x0000000081580000)
 Metaspace       used 17061K, capacity 17162K, committed 17280K, reserved 1064960K
  class space    used 2334K, capacity 2363K, committed 2432K, reserved 1048576K
Event: 1.946 GC heap after
Heap after GC invocations=5 (full 0):
 PSYoungGen      total 9728K, used 1008K [0x00000000d5580000, 0x00000000d6d80000, 0x0000000100000000)
  eden space 8704K, 0% used [0x00000000d5580000,0x00000000d5580000,0x00000000d5e00000)
  from space 1024K, 98% used [0x00000000d5e00000,0x00000000d5efc030,0x00000000d5f00000)
  to   space 3584K, 0% used [0x00000000d6a00000,0x00000000d6a00000,0x00000000d6d80000)
 ParOldGen       total 22016K, used 9458K [0x0000000080000000, 0x0000000081580000, 0x00000000d5580000)
  object space 22016K, 42% used [0x0000000080000000,0x000000008093ca58,0x0000000081580000)
 Metaspace       used 17061K, capacity 17162K, committed 17280K, reserved 1064960K
  class space    used 2334K, capacity 2363K, committed 2432K, reserved 1048576K
}
Event: 2.255 GC heap before
{Heap before GC invocations=6 (full 0):
 PSYoungGen      total 9728K, used 9712K [0x00000000d5580000, 0x00000000d6d80000, 0x0000000100000000)
  eden space 8704K, 100% used [0x00000000d5580000,0x00000000d5e00000,0x00000000d5e00000)
  from space 1024K, 98% used [0x00000000d5e00000,0x00000000d5efc030,0x00000000d5f00000)
  to   space 3584K, 0% used [0x00000000d6a00000,0x00000000d6a00000,0x00000000d6d80000)
 ParOldGen       total 22016K, used 9458K [0x0000000080000000, 0x0000000081580000, 0x00000000d5580000)
  object space 22016K, 42% used [0x0000000080000000,0x000000008093ca58,0x0000000081580000)
 Metaspace       used 19089K, capacity 19240K, committed 19456K, reserved 1067008K
  class space    used 2517K, capacity 2560K, committed 2560K, reserved 1048576K
Event: 2.261 GC heap after
Heap after GC invocations=6 (full 0):
 PSYoungGen      total 20992K, used 3113K [0x00000000d5580000, 0x00000000d6d80000, 0x0000000100000000)
  eden space 17408K, 0% used [0x00000000d5580000,0x00000000d5580000,0x00000000d6680000)
  from space 3584K, 86% used [0x00000000d6a00000,0x00000000d6d0a730,0x00000000d6d80000)
  to   space 3584K, 0% used [0x00000000d6680000,0x00000000d6680000,0x00000000d6a00000)
 ParOldGen       total 22016K, used 9458K [0x0000000080000000, 0x0000000081580000, 0x00000000d5580000)
  object space 22016K, 42% used [0x0000000080000000,0x000000008093ca58,0x0000000081580000)
 Metaspace       used 19089K, capacity 19240K, committed 19456K, reserved 1067008K
  class space    used 2517K, capacity 2560K, committed 2560K, reserved 1048576K
}
Event: 5.621 GC heap before
{Heap before GC invocations=7 (full 0):
 PSYoungGen      total 20992K, used 20521K [0x00000000d5580000, 0x00000000d6d80000, 0x0000000100000000)
  eden space 17408K, 100% used [0x00000000d5580000,0x00000000d6680000,0x00000000d6680000)
  from space 3584K, 86% used [0x00000000d6a00000,0x00000000d6d0a730,0x00000000d6d80000)
  to   space 3584K, 0% used [0x00000000d6680000,0x00000000d6680000,0x00000000d6a00000)
 ParOldGen       total 22016K, used 9458K [0x0000000080000000, 0x0000000081580000, 0x00000000d5580000)
  object space 22016K, 42% used [0x0000000080000000,0x000000008093ca58,0x0000000081580000)
 Metaspace       used 20115K, capacity 20238K, committed 20352K, reserved 1067008K
  class space    used 2610K, capacity 2657K, committed 2688K, reserved 1048576K
Event: 5.629 GC heap after
Heap after GC invocations=7 (full 0):
 PSYoungGen      total 20992K, used 2258K [0x00000000d5580000, 0x00000000d7e80000, 0x0000000100000000)
  eden space 17408K, 0% used [0x00000000d5580000,0x00000000d5580000,0x00000000d6680000)
  from space 3584K, 63% used [0x00000000d6680000,0x00000000d68b4b18,0x00000000d6a00000)
  to   space 3584K, 0% used [0x00000000d7b00000,0x00000000d7b00000,0x00000000d7e80000)
 ParOldGen       total 22016K, used 9866K [0x0000000080000000, 0x0000000081580000, 0x00000000d5580000)
  object space 22016K, 44% used [0x0000000080000000,0x00000000809a2ae8,0x0000000081580000)
 Metaspace       used 20115K, capacity 20238K, committed 20352K, reserved 1067008K
  class space    used 2610K, capacity 2657K, committed 2688K, reserved 1048576K
}
Event: 5.733 GC heap before
{Heap before GC invocations=8 (full 0):
 PSYoungGen      total 20992K, used 10945K [0x00000000d5580000, 0x00000000d7e80000, 0x0000000100000000)
  eden space 17408K, 49% used [0x00000000d5580000,0x00000000d5dfbc48,0x00000000d6680000)
  from space 3584K, 63% used [0x00000000d6680000,0x00000000d68b4b18,0x00000000d6a00000)
  to   space 3584K, 0% used [0x00000000d7b00000,0x00000000d7b00000,0x00000000d7e80000)
 ParOldGen       total 22016K, used 9866K [0x0000000080000000, 0x0000000081580000, 0x00000000d5580000)
  object space 22016K, 44% used [0x0000000080000000,0x00000000809a2ae8,0x0000000081580000)
 Metaspace       used 21051K, capacity 21146K, committed 21248K, reserved 1067008K
  class space    used 2739K, capacity 2787K, committed 2816K, reserved 1048576K
Event: 5.741 GC heap after
Heap after GC invocations=8 (full 0):
 PSYoungGen      total 38400K, used 2822K [0x00000000d5580000, 0x00000000d7e80000, 0x0000000100000000)
  eden space 34816K, 0% used [0x00000000d5580000,0x00000000d5580000,0x00000000d7780000)
  from space 3584K, 78% used [0x00000000d7b00000,0x00000000d7dc1a18,0x00000000d7e80000)
  to   space 3584K, 0% used [0x00000000d7780000,0x00000000d7780000,0x00000000d7b00000)
 ParOldGen       total 22016K, used 10194K [0x0000000080000000, 0x0000000081580000, 0x00000000d5580000)
  object space 22016K, 46% used [0x0000000080000000,0x00000000809f4b08,0x0000000081580000)
 Metaspace       used 21051K, capacity 21146K, committed 21248K, reserved 1067008K
  class space    used 2739K, capacity 2787K, committed 2816K, reserved 1048576K
}
Event: 5.741 GC heap before
{Heap before GC invocations=9 (full 1):
 PSYoungGen      total 38400K, used 2822K [0x00000000d5580000, 0x00000000d7e80000, 0x0000000100000000)
  eden space 34816K, 0% used [0x00000000d5580000,0x00000000d5580000,0x00000000d7780000)
  from space 3584K, 78% used [0x00000000d7b00000,0x00000000d7dc1a18,0x00000000d7e80000)
  to   space 3584K, 0% used [0x00000000d7780000,0x00000000d7780000,0x00000000d7b00000)
 ParOldGen       total 22016K, used 10194K [0x0000000080000000, 0x0000000081580000, 0x00000000d5580000)
  object space 22016K, 46% used [0x0000000080000000,0x00000000809f4b08,0x0000000081580000)
 Metaspace       used 21051K, capacity 21146K, committed 21248K, reserved 1067008K
  class space    used 2739K, capacity 2787K, committed 2816K, reserved 1048576K
Event: 5.794 GC heap after
Heap after GC invocations=9 (full 1):
 PSYoungGen      total 38400K, used 0K [0x00000000d5580000, 0x00000000d7e80000, 0x0000000100000000)
  eden space 34816K, 0% used [0x00000000d5580000,0x00000000d5580000,0x00000000d7780000)
  from space 3584K, 0% used [0x00000000d7b00000,0x00000000d7b00000,0x00000000d7e80000)
  to   space 3584K, 0% used [0x00000000d7780000,0x00000000d7780000,0x00000000d7b00000)
 ParOldGen       total 20480K, used 6425K [0x0000000080000000, 0x0000000081400000, 0x00000000d5580000)
  object space 20480K, 31% used [0x0000000080000000,0x00000000806464d8,0x0000000081400000)
 Metaspace       used 21051K, capacity 21146K, committed 21248K, reserved 1067008K
  class space    used 2739K, capacity 2787K, committed 2816K, reserved 1048576K
}

