# JRE version: Java(TM) SE Runtime Environment (8.0_25-b17) (build 1.8.0_25-b17)
# Java VM: Java HotSpot(TM) 64-Bit Server VM (25.25-b02 mixed mode linux-amd64 compressed oops)
Heap:
 PSYoungGen      total 38400K, used 16517K [0x0000000780000000, 0x0000000782900000, 0x00000007c0000000)
  eden space 34816K, 47% used [0x0000000780000000,0x00000007810215b8,0x0000000782200000)
  from space 3584K, 0% used [0x0000000782580000,0x0000000782580000,0x0000000782900000)
  to   space 3584K, 0% used [0x0000000782200000,0x0000000782200000,0x0000000782580000)
 ParOldGen       total 1067520K, used 1052358K [0x0000000700000000, 0x0000000741280000, 0x0000000780000000)
  object space 1067520K, 98% used [0x0000000700000000,0x00000007403b1898,0x0000000741280000)
 Metaspace       used 23851K, capacity 24122K, committed 24448K, reserved 1071104K
  class space    used 3105K, capacity 3165K, committed 3200K, reserved 1048576K
GC Heap History (10 events):
Event: 4.022 GC heap before
{Heap before GC invocations=5 (full 0):
 PSYoungGen      total 9728K, used 9696K [0x0000000780000000, 0x0000000781300000, 0x00000007c0000000)
  eden space 8704K, 100% used [0x0000000780000000,0x0000000780880000,0x0000000780880000)
  from space 1024K, 96% used [0x0000000780980000,0x0000000780a78020,0x0000000780a80000)
  to   space 1024K, 0% used [0x0000000780880000,0x0000000780880000,0x0000000780980000)
 ParOldGen       total 22016K, used 7571K [0x0000000700000000, 0x0000000701580000, 0x0000000780000000)
  object space 22016K, 34% used [0x0000000700000000,0x0000000700764f08,0x0000000701580000)
 Metaspace       used 17052K, capacity 17166K, committed 17280K, reserved 1064960K
  class space    used 2335K, capacity 2363K, committed 2432K, reserved 1048576K
Event: 4.041 GC heap after
Heap after GC invocations=5 (full 0):
 PSYoungGen      total 9728K, used 1008K [0x0000000780000000, 0x0000000781800000, 0x00000007c0000000)
  eden space 8704K, 0% used [0x0000000780000000,0x0000000780000000,0x0000000780880000)
  from space 1024K, 98% used [0x0000000780880000,0x000000078097c030,0x0000000780980000)
  to   space 3584K, 0% used [0x0000000781480000,0x0000000781480000,0x0000000781800000)
 ParOldGen       total 22016K, used 9493K [0x0000000700000000, 0x0000000701580000, 0x0000000780000000)
  object space 22016K, 43% used [0x0000000700000000,0x00000007009456d0,0x0000000701580000)
 Metaspace       used 17052K, capacity 17166K, committed 17280K, reserved 1064960K
  class space    used 2335K, capacity 2363K, committed 2432K, reserved 1048576K
}
Event: 4.502 GC heap before
{Heap before GC invocations=6 (full 0):
 PSYoungGen      total 9728K, used 9712K [0x0000000780000000, 0x0000000781800000, 0x00000007c0000000)
  eden space 8704K, 100% used [0x0000000780000000,0x0000000780880000,0x0000000780880000)
  from space 1024K, 98% used [0x0000000780880000,0x000000078097c030,0x0000000780980000)
  to   space 3584K, 0% used [0x0000000781480000,0x0000000781480000,0x0000000781800000)
 ParOldGen       total 22016K, used 9493K [0x0000000700000000, 0x0000000701580000, 0x0000000780000000)
  object space 22016K, 43% used [0x0000000700000000,0x00000007009456d0,0x0000000701580000)
 Metaspace       used 19101K, capacity 19244K, committed 19456K, reserved 1067008K
  class space    used 2517K, capacity 2560K, committed 2560K, reserved 1048576K
Event: 4.512 GC heap after
Heap after GC invocations=6 (full 0):
 PSYoungGen      total 20992K, used 3129K [0x0000000780000000, 0x0000000781800000, 0x00000007c0000000)
  eden space 17408K, 0% used [0x0000000780000000,0x0000000780000000,0x0000000781100000)
  from space 3584K, 87% used [0x0000000781480000,0x000000078178e740,0x0000000781800000)
  to   space 3584K, 0% used [0x0000000781100000,0x0000000781100000,0x0000000781480000)
 ParOldGen       total 22016K, used 9501K [0x0000000700000000, 0x0000000701580000, 0x0000000780000000)
  object space 22016K, 43% used [0x0000000700000000,0x00000007009476d0,0x0000000701580000)
 Metaspace       used 19101K, capacity 19244K, committed 19456K, reserved 1067008K
  class space    used 2517K, capacity 2560K, committed 2560K, reserved 1048576K
}
Event: 7.957 GC heap before
{Heap before GC invocations=7 (full 0):
 PSYoungGen      total 20992K, used 20537K [0x0000000780000000, 0x0000000781800000, 0x00000007c0000000)
  eden space 17408K, 100% used [0x0000000780000000,0x0000000781100000,0x0000000781100000)
  from space 3584K, 87% used [0x0000000781480000,0x000000078178e740,0x0000000781800000)
  to   space 3584K, 0% used [0x0000000781100000,0x0000000781100000,0x0000000781480000)
 ParOldGen       total 22016K, used 9501K [0x0000000700000000, 0x0000000701580000, 0x0000000780000000)
  object space 22016K, 43% used [0x0000000700000000,0x00000007009476d0,0x0000000701580000)
 Metaspace       used 20087K, capacity 20242K, committed 20352K, reserved 1067008K
  class space    used 2608K, capacity 2657K, committed 2688K, reserved 1048576K
Event: 7.967 GC heap after
Heap after GC invocations=7 (full 0):
 PSYoungGen      total 20992K, used 2338K [0x0000000780000000, 0x0000000782900000, 0x00000007c0000000)
  eden space 17408K, 0% used [0x0000000780000000,0x0000000780000000,0x0000000781100000)
  from space 3584K, 65% used [0x0000000781100000,0x0000000781348b08,0x0000000781480000)
  to   space 3584K, 0% used [0x0000000782580000,0x0000000782580000,0x0000000782900000)
 ParOldGen       total 22016K, used 9893K [0x0000000700000000, 0x0000000701580000, 0x0000000780000000)
  object space 22016K, 44% used [0x0000000700000000,0x00000007009a9710,0x0000000701580000)
 Metaspace       used 20087K, capacity 20242K, committed 20352K, reserved 1067008K
  class space    used 2608K, capacity 2657K, committed 2688K, reserved 1048576K
}
Event: 8.140 GC heap before
{Heap before GC invocations=8 (full 0):
 PSYoungGen      total 20992K, used 11326K [0x0000000780000000, 0x0000000782900000, 0x00000007c0000000)
  eden space 17408K, 51% used [0x0000000780000000,0x00000007808c70c8,0x0000000781100000)
  from space 3584K, 65% used [0x0000000781100000,0x0000000781348b08,0x0000000781480000)
  to   space 3584K, 0% used [0x0000000782580000,0x0000000782580000,0x0000000782900000)
 ParOldGen       total 22016K, used 9893K [0x0000000700000000, 0x0000000701580000, 0x0000000780000000)
  object space 22016K, 44% used [0x0000000700000000,0x00000007009a9710,0x0000000701580000)
 Metaspace       used 21034K, capacity 21150K, committed 21248K, reserved 1067008K
  class space    used 2737K, capacity 2787K, committed 2816K, reserved 1048576K
Event: 8.151 GC heap after
Heap after GC invocations=8 (full 0):
 PSYoungGen      total 38400K, used 2859K [0x0000000780000000, 0x0000000782900000, 0x00000007c0000000)
  eden space 34816K, 0% used [0x0000000780000000,0x0000000780000000,0x0000000782200000)
  from space 3584K, 79% used [0x0000000782580000,0x000000078284ac10,0x0000000782900000)
  to   space 3584K, 0% used [0x0000000782200000,0x0000000782200000,0x0000000782580000)
 ParOldGen       total 22016K, used 10317K [0x0000000700000000, 0x0000000701580000, 0x0000000780000000)
  object space 22016K, 46% used [0x0000000700000000,0x0000000700a13748,0x0000000701580000)
 Metaspace       used 21034K, capacity 21150K, committed 21248K, reserved 1067008K
  class space    used 2737K, capacity 2787K, committed 2816K, reserved 1048576K
}
Event: 8.151 GC heap before
{Heap before GC invocations=9 (full 1):
 PSYoungGen      total 38400K, used 2859K [0x0000000780000000, 0x0000000782900000, 0x00000007c0000000)
  eden space 34816K, 0% used [0x0000000780000000,0x0000000780000000,0x0000000782200000)
  from space 3584K, 79% used [0x0000000782580000,0x000000078284ac10,0x0000000782900000)
  to   space 3584K, 0% used [0x0000000782200000,0x0000000782200000,0x0000000782580000)
 ParOldGen       total 22016K, used 10317K [0x0000000700000000, 0x0000000701580000, 0x0000000780000000)
  object space 22016K, 46% used [0x0000000700000000,0x0000000700a13748,0x0000000701580000)
 Metaspace       used 21034K, capacity 21150K, committed 21248K, reserved 1067008K
  class space    used 2737K, capacity 2787K, committed 2816K, reserved 1048576K
Event: 8.243 GC heap after
Heap after GC invocations=9 (full 1):
 PSYoungGen      total 38400K, used 0K [0x0000000780000000, 0x0000000782900000, 0x00000007c0000000)
  eden space 34816K, 0% used [0x0000000780000000,0x0000000780000000,0x0000000782200000)
  from space 3584K, 0% used [0x0000000782580000,0x0000000782580000,0x0000000782900000)
  to   space 3584K, 0% used [0x0000000782200000,0x0000000782200000,0x0000000782580000)
 ParOldGen       total 26112K, used 11308K [0x0000000700000000, 0x0000000701980000, 0x0000000780000000)
  object space 26112K, 43% used [0x0000000700000000,0x0000000700b0b048,0x0000000701980000)
 Metaspace       used 21034K, capacity 21150K, committed 21248K, reserved 1067008K
  class space    used 2737K, capacity 2787K, committed 2816K, reserved 1048576K
}

